01/17/2021 12:43:47 PM Making a request
01/17/2021 12:43:47 PM Starting new HTTPS connection (1): api.mercadolibre.com:443
01/17/2021 12:43:48 PM https://api.mercadolibre.com:443 "GET /sites/MLA/search?category=MLA1495&offset=0&since=today HTTP/1.1" 200 None
01/17/2021 12:43:48 PM Status code: 200
01/17/2021 12:43:48 PM el total de registros del dia 2021-01-17  es: 1045
01/17/2021 12:43:48 PM grabando archivo en formato jsonlines: 2021-01-17
01/17/2021 12:43:48 PM archivo grabado: 2021-01-17 
01/17/2021 12:43:48 PM Making a request
01/17/2021 12:43:48 PM Starting new HTTPS connection (1): api.mercadolibre.com:443
01/17/2021 12:43:48 PM https://api.mercadolibre.com:443 "GET /sites/MLA/search?category=MLA1495&offset=50&since=today HTTP/1.1" 200 None
01/17/2021 12:43:48 PM Status code: 200
01/17/2021 12:43:48 PM grabando archivo en formato jsonlines: 2021-01-17_1
01/17/2021 12:43:48 PM archivo grabado: 2021-01-17_1 
01/17/2021 12:43:48 PM Making a request
01/17/2021 12:43:48 PM Starting new HTTPS connection (1): api.mercadolibre.com:443
01/17/2021 12:43:49 PM https://api.mercadolibre.com:443 "GET /sites/MLA/search?category=MLA1495&offset=100&since=today HTTP/1.1" 200 None
01/17/2021 12:43:49 PM Status code: 200
01/17/2021 12:43:49 PM grabando archivo en formato jsonlines: 2021-01-17_2
01/17/2021 12:43:49 PM archivo grabado: 2021-01-17_2 
01/17/2021 12:43:49 PM Making a request
01/17/2021 12:43:49 PM Starting new HTTPS connection (1): api.mercadolibre.com:443
01/17/2021 12:43:49 PM https://api.mercadolibre.com:443 "GET /sites/MLA/search?category=MLA1495&offset=150&since=today HTTP/1.1" 200 None
01/17/2021 12:43:49 PM Status code: 200
01/17/2021 12:43:49 PM grabando archivo en formato jsonlines: 2021-01-17_3
01/17/2021 12:43:49 PM archivo grabado: 2021-01-17_3 
01/17/2021 12:43:49 PM Making a request
01/17/2021 12:43:49 PM Starting new HTTPS connection (1): api.mercadolibre.com:443
01/17/2021 12:43:50 PM https://api.mercadolibre.com:443 "GET /sites/MLA/search?category=MLA1495&offset=200&since=today HTTP/1.1" 200 None
01/17/2021 12:43:50 PM Status code: 200
01/17/2021 12:43:50 PM grabando archivo en formato jsonlines: 2021-01-17_4
01/17/2021 12:43:50 PM archivo grabado: 2021-01-17_4 
01/17/2021 12:43:50 PM Making a request
01/17/2021 12:43:50 PM Starting new HTTPS connection (1): api.mercadolibre.com:443
01/17/2021 12:43:50 PM https://api.mercadolibre.com:443 "GET /sites/MLA/search?category=MLA1495&offset=250&since=today HTTP/1.1" 200 None
01/17/2021 12:43:50 PM Status code: 200
01/17/2021 12:43:50 PM grabando archivo en formato jsonlines: 2021-01-17_5
01/17/2021 12:43:50 PM archivo grabado: 2021-01-17_5 
01/17/2021 12:43:50 PM Making a request
01/17/2021 12:43:50 PM Starting new HTTPS connection (1): api.mercadolibre.com:443
01/17/2021 12:43:51 PM https://api.mercadolibre.com:443 "GET /sites/MLA/search?category=MLA1495&offset=300&since=today HTTP/1.1" 200 None
01/17/2021 12:43:51 PM Status code: 200
01/17/2021 12:43:51 PM grabando archivo en formato jsonlines: 2021-01-17_6
01/17/2021 12:43:51 PM archivo grabado: 2021-01-17_6 
01/17/2021 12:43:51 PM Making a request
01/17/2021 12:43:51 PM Starting new HTTPS connection (1): api.mercadolibre.com:443
01/17/2021 12:43:51 PM https://api.mercadolibre.com:443 "GET /sites/MLA/search?category=MLA1495&offset=350&since=today HTTP/1.1" 200 None
01/17/2021 12:43:51 PM Status code: 200
01/17/2021 12:43:51 PM grabando archivo en formato jsonlines: 2021-01-17_7
01/17/2021 12:43:51 PM archivo grabado: 2021-01-17_7 
01/17/2021 12:43:51 PM Making a request
01/17/2021 12:43:51 PM Starting new HTTPS connection (1): api.mercadolibre.com:443
01/17/2021 12:43:52 PM https://api.mercadolibre.com:443 "GET /sites/MLA/search?category=MLA1495&offset=400&since=today HTTP/1.1" 200 None
01/17/2021 12:43:52 PM Status code: 200
01/17/2021 12:43:52 PM grabando archivo en formato jsonlines: 2021-01-17_8
01/17/2021 12:43:52 PM archivo grabado: 2021-01-17_8 
01/17/2021 12:43:52 PM Making a request
01/17/2021 12:43:52 PM Starting new HTTPS connection (1): api.mercadolibre.com:443
01/17/2021 12:43:52 PM https://api.mercadolibre.com:443 "GET /sites/MLA/search?category=MLA1495&offset=450&since=today HTTP/1.1" 200 None
01/17/2021 12:43:52 PM Status code: 200
01/17/2021 12:43:52 PM grabando archivo en formato jsonlines: 2021-01-17_9
01/17/2021 12:43:52 PM archivo grabado: 2021-01-17_9 
01/17/2021 12:43:52 PM Making a request
01/17/2021 12:43:52 PM Starting new HTTPS connection (1): api.mercadolibre.com:443
01/17/2021 12:43:53 PM https://api.mercadolibre.com:443 "GET /sites/MLA/search?category=MLA1495&offset=500&since=today HTTP/1.1" 200 None
01/17/2021 12:43:53 PM Status code: 200
01/17/2021 12:43:53 PM grabando archivo en formato jsonlines: 2021-01-17_10
01/17/2021 12:43:53 PM archivo grabado: 2021-01-17_10 
01/17/2021 12:43:53 PM Making a request
01/17/2021 12:43:53 PM Starting new HTTPS connection (1): api.mercadolibre.com:443
01/17/2021 12:43:53 PM https://api.mercadolibre.com:443 "GET /sites/MLA/search?category=MLA1495&offset=550&since=today HTTP/1.1" 200 None
01/17/2021 12:43:53 PM Status code: 200
01/17/2021 12:43:53 PM grabando archivo en formato jsonlines: 2021-01-17_11
01/17/2021 12:43:53 PM archivo grabado: 2021-01-17_11 
01/17/2021 12:43:53 PM Making a request
01/17/2021 12:43:53 PM Starting new HTTPS connection (1): api.mercadolibre.com:443
01/17/2021 12:43:54 PM https://api.mercadolibre.com:443 "GET /sites/MLA/search?category=MLA1495&offset=600&since=today HTTP/1.1" 200 None
01/17/2021 12:43:54 PM Status code: 200
01/17/2021 12:43:54 PM grabando archivo en formato jsonlines: 2021-01-17_12
01/17/2021 12:43:54 PM archivo grabado: 2021-01-17_12 
01/17/2021 12:43:54 PM Making a request
01/17/2021 12:43:54 PM Starting new HTTPS connection (1): api.mercadolibre.com:443
01/17/2021 12:43:54 PM https://api.mercadolibre.com:443 "GET /sites/MLA/search?category=MLA1495&offset=650&since=today HTTP/1.1" 200 None
01/17/2021 12:43:54 PM Status code: 200
01/17/2021 12:43:54 PM grabando archivo en formato jsonlines: 2021-01-17_13
01/17/2021 12:43:54 PM archivo grabado: 2021-01-17_13 
01/17/2021 12:43:54 PM Making a request
01/17/2021 12:43:54 PM Starting new HTTPS connection (1): api.mercadolibre.com:443
01/17/2021 12:43:55 PM https://api.mercadolibre.com:443 "GET /sites/MLA/search?category=MLA1495&offset=700&since=today HTTP/1.1" 200 None
01/17/2021 12:43:55 PM Status code: 200
01/17/2021 12:43:55 PM grabando archivo en formato jsonlines: 2021-01-17_14
01/17/2021 12:43:55 PM archivo grabado: 2021-01-17_14 
01/17/2021 12:43:55 PM Making a request
01/17/2021 12:43:55 PM Starting new HTTPS connection (1): api.mercadolibre.com:443
01/17/2021 12:43:55 PM https://api.mercadolibre.com:443 "GET /sites/MLA/search?category=MLA1495&offset=750&since=today HTTP/1.1" 200 None
01/17/2021 12:43:55 PM Status code: 200
01/17/2021 12:43:55 PM grabando archivo en formato jsonlines: 2021-01-17_15
01/17/2021 12:43:55 PM archivo grabado: 2021-01-17_15 
01/17/2021 12:43:55 PM Making a request
01/17/2021 12:43:55 PM Starting new HTTPS connection (1): api.mercadolibre.com:443
01/17/2021 12:43:55 PM https://api.mercadolibre.com:443 "GET /sites/MLA/search?category=MLA1495&offset=800&since=today HTTP/1.1" 200 None
01/17/2021 12:43:55 PM Status code: 200
01/17/2021 12:43:55 PM grabando archivo en formato jsonlines: 2021-01-17_16
01/17/2021 12:43:55 PM archivo grabado: 2021-01-17_16 
01/17/2021 12:43:55 PM Making a request
01/17/2021 12:43:55 PM Starting new HTTPS connection (1): api.mercadolibre.com:443
01/17/2021 12:43:56 PM https://api.mercadolibre.com:443 "GET /sites/MLA/search?category=MLA1495&offset=850&since=today HTTP/1.1" 200 None
01/17/2021 12:43:56 PM Status code: 200
01/17/2021 12:43:56 PM grabando archivo en formato jsonlines: 2021-01-17_17
01/17/2021 12:43:56 PM archivo grabado: 2021-01-17_17 
01/17/2021 12:43:56 PM Making a request
01/17/2021 12:43:56 PM Starting new HTTPS connection (1): api.mercadolibre.com:443
01/17/2021 12:43:56 PM https://api.mercadolibre.com:443 "GET /sites/MLA/search?category=MLA1495&offset=900&since=today HTTP/1.1" 200 None
01/17/2021 12:43:56 PM Status code: 200
01/17/2021 12:43:56 PM grabando archivo en formato jsonlines: 2021-01-17_18
01/17/2021 12:43:56 PM archivo grabado: 2021-01-17_18 
01/17/2021 12:43:56 PM Making a request
01/17/2021 12:43:56 PM Starting new HTTPS connection (1): api.mercadolibre.com:443
01/17/2021 12:43:57 PM https://api.mercadolibre.com:443 "GET /sites/MLA/search?category=MLA1495&offset=950&since=today HTTP/1.1" 200 None
01/17/2021 12:43:57 PM Status code: 200
01/17/2021 12:43:57 PM grabando archivo en formato jsonlines: 2021-01-17_19
01/17/2021 12:43:57 PM archivo grabado: 2021-01-17_19 
01/17/2021 12:43:57 PM Making a request
01/17/2021 12:43:57 PM Starting new HTTPS connection (1): api.mercadolibre.com:443
01/17/2021 12:43:57 PM https://api.mercadolibre.com:443 "GET /sites/MLA/search?category=MLA1495&offset=1000&since=today HTTP/1.1" 200 None
01/17/2021 12:43:57 PM Status code: 200
01/17/2021 12:43:57 PM grabando archivo en formato jsonlines: 2021-01-17_20
01/17/2021 12:43:57 PM archivo grabado: 2021-01-17_20 
